# JRE version: OpenJDK Runtime Environment (17.0.11) (build 17.0.11+0--11852314)
# Java VM: OpenJDK 64-Bit Server VM (17.0.11+0--11852314, mixed mode, tiered, compressed oops, compressed class ptrs, g1 gc, windows-amd64)
GC Precious Log:
 CPUs: 8 total, 8 available
 Memory: 16270M
 Large Page Support: Disabled
 NUMA Support: Disabled
 Compressed Oops: Enabled (32-bit)
 Heap Region Size: 1M
 Heap Min Capacity: 8M
 Heap Initial Capacity: 256M
 Heap Max Capacity: 2G
 Pre-touch: Disabled
 Parallel Workers: 8
 Concurrent Workers: 2
 Concurrent Refinement Workers: 8
 Periodic GC: Disabled
Heap:
 garbage-first heap   total 473088K, used 317427K [0x0000000080000000, 0x0000000100000000)
  region size 1024K, 11 young (11264K), 11 survivors (11264K)
 Metaspace       used 119473K, committed 120384K, reserved 1179648K
  class space    used 16279K, committed 16704K, reserved 1048576K
GC Heap History (20 events):
Event: 16.284 GC heap after
{Heap after GC invocations=34 (full 0):
 garbage-first heap   total 199680K, used 118962K [0x0000000080000000, 0x0000000100000000)
  region size 1024K, 8 young (8192K), 8 survivors (8192K)
 Metaspace       used 98971K, committed 99776K, reserved 1179648K
  class space    used 13661K, committed 14016K, reserved 1048576K
}
Event: 16.309 GC heap before
{Heap before GC invocations=34 (full 0):
 garbage-first heap   total 199680K, used 119986K [0x0000000080000000, 0x0000000100000000)
  region size 1024K, 9 young (9216K), 8 survivors (8192K)
 Metaspace       used 98972K, committed 99776K, reserved 1179648K
  class space    used 13661K, committed 14016K, reserved 1048576K
}
Event: 16.327 GC heap after
{Heap after GC invocations=35 (full 0):
 garbage-first heap   total 467968K, used 119522K [0x0000000080000000, 0x0000000100000000)
  region size 1024K, 2 young (2048K), 2 survivors (2048K)
 Metaspace       used 98972K, committed 99776K, reserved 1179648K
  class space    used 13661K, committed 14016K, reserved 1048576K
}
Event: 18.480 GC heap before
{Heap before GC invocations=35 (full 0):
 garbage-first heap   total 467968K, used 299746K [0x0000000080000000, 0x0000000100000000)
  region size 1024K, 151 young (154624K), 2 survivors (2048K)
 Metaspace       used 103016K, committed 103808K, reserved 1179648K
  class space    used 14017K, committed 14400K, reserved 1048576K
}
Event: 18.502 GC heap after
{Heap after GC invocations=36 (full 0):
 garbage-first heap   total 467968K, used 132854K [0x0000000080000000, 0x0000000100000000)
  region size 1024K, 15 young (15360K), 15 survivors (15360K)
 Metaspace       used 103016K, committed 103808K, reserved 1179648K
  class space    used 14017K, committed 14400K, reserved 1048576K
}
Event: 22.089 GC heap before
{Heap before GC invocations=36 (full 0):
 garbage-first heap   total 467968K, used 311030K [0x0000000080000000, 0x0000000100000000)
  region size 1024K, 190 young (194560K), 15 survivors (15360K)
 Metaspace       used 106852K, committed 107712K, reserved 1179648K
  class space    used 14433K, committed 14848K, reserved 1048576K
}
Event: 22.105 GC heap after
{Heap after GC invocations=37 (full 0):
 garbage-first heap   total 467968K, used 129689K [0x0000000080000000, 0x0000000100000000)
  region size 1024K, 8 young (8192K), 8 survivors (8192K)
 Metaspace       used 106852K, committed 107712K, reserved 1179648K
  class space    used 14433K, committed 14848K, reserved 1048576K
}
Event: 25.166 GC heap before
{Heap before GC invocations=37 (full 0):
 garbage-first heap   total 467968K, used 370329K [0x0000000080000000, 0x0000000100000000)
  region size 1024K, 223 young (228352K), 8 survivors (8192K)
 Metaspace       used 111263K, committed 112064K, reserved 1179648K
  class space    used 14966K, committed 15360K, reserved 1048576K
}
Event: 25.196 GC heap after
{Heap after GC invocations=38 (full 0):
 garbage-first heap   total 467968K, used 171113K [0x0000000080000000, 0x0000000100000000)
  region size 1024K, 27 young (27648K), 27 survivors (27648K)
 Metaspace       used 111263K, committed 112064K, reserved 1179648K
  class space    used 14966K, committed 15360K, reserved 1048576K
}
Event: 27.171 GC heap before
{Heap before GC invocations=38 (full 0):
 garbage-first heap   total 467968K, used 408681K [0x0000000080000000, 0x0000000100000000)
  region size 1024K, 205 young (209920K), 27 survivors (27648K)
 Metaspace       used 114758K, committed 115584K, reserved 1179648K
  class space    used 15481K, committed 15872K, reserved 1048576K
}
Event: 27.227 GC heap after
{Heap after GC invocations=39 (full 0):
 garbage-first heap   total 473088K, used 229769K [0x0000000080000000, 0x0000000100000000)
  region size 1024K, 26 young (26624K), 26 survivors (26624K)
 Metaspace       used 114758K, committed 115584K, reserved 1179648K
  class space    used 15481K, committed 15872K, reserved 1048576K
}
Event: 28.046 GC heap before
{Heap before GC invocations=39 (full 0):
 garbage-first heap   total 473088K, used 360841K [0x0000000080000000, 0x0000000100000000)
  region size 1024K, 149 young (152576K), 26 survivors (26624K)
 Metaspace       used 115569K, committed 116416K, reserved 1179648K
  class space    used 15590K, committed 16000K, reserved 1048576K
}
Event: 28.103 GC heap after
{Heap after GC invocations=40 (full 0):
 garbage-first heap   total 473088K, used 253793K [0x0000000080000000, 0x0000000100000000)
  region size 1024K, 19 young (19456K), 19 survivors (19456K)
 Metaspace       used 115569K, committed 116416K, reserved 1179648K
  class space    used 15590K, committed 16000K, reserved 1048576K
}
Event: 28.826 GC heap before
{Heap before GC invocations=40 (full 0):
 garbage-first heap   total 473088K, used 339809K [0x0000000080000000, 0x0000000100000000)
  region size 1024K, 105 young (107520K), 19 survivors (19456K)
 Metaspace       used 117150K, committed 118016K, reserved 1179648K
  class space    used 15939K, committed 16384K, reserved 1048576K
}
Event: 28.874 GC heap after
{Heap after GC invocations=41 (full 0):
 garbage-first heap   total 473088K, used 261596K [0x0000000080000000, 0x0000000100000000)
  region size 1024K, 7 young (7168K), 7 survivors (7168K)
 Metaspace       used 117150K, committed 118016K, reserved 1179648K
  class space    used 15939K, committed 16384K, reserved 1048576K
}
Event: 30.020 GC heap before
{Heap before GC invocations=42 (full 0):
 garbage-first heap   total 473088K, used 351708K [0x0000000080000000, 0x0000000100000000)
  region size 1024K, 115 young (117760K), 7 survivors (7168K)
 Metaspace       used 118587K, committed 119488K, reserved 1179648K
  class space    used 16175K, committed 16640K, reserved 1048576K
}
Event: 30.099 GC heap after
{Heap after GC invocations=43 (full 0):
 garbage-first heap   total 473088K, used 284672K [0x0000000080000000, 0x0000000100000000)
  region size 1024K, 15 young (15360K), 15 survivors (15360K)
 Metaspace       used 118587K, committed 119488K, reserved 1179648K
  class space    used 16175K, committed 16640K, reserved 1048576K
}
Event: 30.179 GC heap before
{Heap before GC invocations=43 (full 0):
 garbage-first heap   total 473088K, used 292864K [0x0000000080000000, 0x0000000100000000)
  region size 1024K, 23 young (23552K), 15 survivors (15360K)
 Metaspace       used 118644K, committed 119552K, reserved 1179648K
  class space    used 16180K, committed 16640K, reserved 1048576K
}
Event: 30.231 GC heap after
{Heap after GC invocations=44 (full 0):
 garbage-first heap   total 473088K, used 283648K [0x0000000080000000, 0x0000000100000000)
  region size 1024K, 3 young (3072K), 3 survivors (3072K)
 Metaspace       used 118644K, committed 119552K, reserved 1179648K
  class space    used 16180K, committed 16640K, reserved 1048576K
}
Event: 30.660 GC heap before
{Heap before GC invocations=44 (full 0):
 garbage-first heap   total 473088K, used 363520K [0x0000000080000000, 0x0000000100000000)
  region size 1024K, 82 young (83968K), 3 survivors (3072K)
 Metaspace       used 119473K, committed 120384K, reserved 1179648K
  class space    used 16279K, committed 16704K, reserved 1048576K
}

