# JRE version: OpenJDK Runtime Environment (17.0.11) (build 17.0.11+0--11852314)
# Java VM: OpenJDK 64-Bit Server VM (17.0.11+0--11852314, mixed mode, tiered, compressed oops, compressed class ptrs, g1 gc, windows-amd64)
GC Precious Log:
 CPUs: 8 total, 8 available
 Memory: 16270M
 Large Page Support: Disabled
 NUMA Support: Disabled
 Compressed Oops: Enabled (32-bit)
 Heap Region Size: 1M
 Heap Min Capacity: 8M
 Heap Initial Capacity: 256M
 Heap Max Capacity: 2G
 Pre-touch: Disabled
 Parallel Workers: 8
 Concurrent Workers: 2
 Concurrent Refinement Workers: 8
 Periodic GC: Disabled
Heap:
 garbage-first heap   total 447488K, used 254014K [0x0000000080000000, 0x0000000100000000)
  region size 1024K, 16 young (16384K), 16 survivors (16384K)
 Metaspace       used 145070K, committed 146112K, reserved 1179648K
  class space    used 19847K, committed 20352K, reserved 1048576K
GC Heap History (20 events):
Event: 287.127 GC heap after
{Heap after GC invocations=57 (full 0):
 garbage-first heap   total 291840K, used 159398K [0x0000000080000000, 0x0000000100000000)
  region size 1024K, 2 young (2048K), 2 survivors (2048K)
 Metaspace       used 135954K, committed 136960K, reserved 1179648K
  class space    used 18915K, committed 19392K, reserved 1048576K
}
Event: 288.521 GC heap before
{Heap before GC invocations=57 (full 0):
 garbage-first heap   total 291840K, used 170662K [0x0000000080000000, 0x0000000100000000)
  region size 1024K, 14 young (14336K), 2 survivors (2048K)
 Metaspace       used 136021K, committed 136960K, reserved 1179648K
  class space    used 18923K, committed 19392K, reserved 1048576K
}
Event: 288.543 GC heap after
{Heap after GC invocations=58 (full 0):
 garbage-first heap   total 291840K, used 160540K [0x0000000080000000, 0x0000000100000000)
  region size 1024K, 1 young (1024K), 1 survivors (1024K)
 Metaspace       used 136021K, committed 136960K, reserved 1179648K
  class space    used 18923K, committed 19392K, reserved 1048576K
}
Event: 289.597 GC heap before
{Heap before GC invocations=58 (full 0):
 garbage-first heap   total 291840K, used 171804K [0x0000000080000000, 0x0000000100000000)
  region size 1024K, 13 young (13312K), 1 survivors (1024K)
 Metaspace       used 136047K, committed 137024K, reserved 1179648K
  class space    used 18926K, committed 19392K, reserved 1048576K
}
Event: 289.634 GC heap after
{Heap after GC invocations=59 (full 0):
 garbage-first heap   total 291840K, used 167006K [0x0000000080000000, 0x0000000100000000)
  region size 1024K, 8 young (8192K), 8 survivors (8192K)
 Metaspace       used 136047K, committed 137024K, reserved 1179648K
  class space    used 18926K, committed 19392K, reserved 1048576K
}
Event: 292.844 GC heap before
{Heap before GC invocations=60 (full 0):
 garbage-first heap   total 339968K, used 258142K [0x0000000080000000, 0x0000000100000000)
  region size 1024K, 70 young (71680K), 8 survivors (8192K)
 Metaspace       used 138111K, committed 139136K, reserved 1179648K
  class space    used 19098K, committed 19584K, reserved 1048576K
}
Event: 292.876 GC heap after
{Heap after GC invocations=61 (full 0):
 garbage-first heap   total 339968K, used 170209K [0x0000000080000000, 0x0000000100000000)
  region size 1024K, 9 young (9216K), 9 survivors (9216K)
 Metaspace       used 138111K, committed 139136K, reserved 1179648K
  class space    used 19098K, committed 19584K, reserved 1048576K
}
Event: 293.090 GC heap before
{Heap before GC invocations=61 (full 0):
 garbage-first heap   total 339968K, used 176353K [0x0000000080000000, 0x0000000100000000)
  region size 1024K, 16 young (16384K), 9 survivors (9216K)
 Metaspace       used 138585K, committed 139584K, reserved 1179648K
  class space    used 19152K, committed 19648K, reserved 1048576K
}
Event: 293.152 GC heap after
{Heap after GC invocations=62 (full 0):
 garbage-first heap   total 339968K, used 159157K [0x0000000080000000, 0x0000000100000000)
  region size 1024K, 2 young (2048K), 2 survivors (2048K)
 Metaspace       used 138585K, committed 139584K, reserved 1179648K
  class space    used 19152K, committed 19648K, reserved 1048576K
}
Event: 295.930 GC heap before
{Heap before GC invocations=62 (full 0):
 garbage-first heap   total 339968K, used 263605K [0x0000000080000000, 0x0000000100000000)
  region size 1024K, 105 young (107520K), 2 survivors (2048K)
 Metaspace       used 140700K, committed 141696K, reserved 1179648K
  class space    used 19346K, committed 19840K, reserved 1048576K
}
Event: 295.955 GC heap after
{Heap after GC invocations=63 (full 0):
 garbage-first heap   total 339968K, used 163956K [0x0000000080000000, 0x0000000100000000)
  region size 1024K, 7 young (7168K), 7 survivors (7168K)
 Metaspace       used 140700K, committed 141696K, reserved 1179648K
  class space    used 19346K, committed 19840K, reserved 1048576K
}
Event: 300.989 GC heap before
{Heap before GC invocations=63 (full 0):
 garbage-first heap   total 339968K, used 268404K [0x0000000080000000, 0x0000000100000000)
  region size 1024K, 110 young (112640K), 7 survivors (7168K)
 Metaspace       used 143818K, committed 144768K, reserved 1179648K
  class space    used 19721K, committed 20160K, reserved 1048576K
}
Event: 300.998 GC heap after
{Heap after GC invocations=64 (full 0):
 garbage-first heap   total 339968K, used 166152K [0x0000000080000000, 0x0000000100000000)
  region size 1024K, 9 young (9216K), 9 survivors (9216K)
 Metaspace       used 143818K, committed 144768K, reserved 1179648K
  class space    used 19721K, committed 20160K, reserved 1048576K
}
Event: 301.111 GC heap before
{Heap before GC invocations=64 (full 0):
 garbage-first heap   total 339968K, used 179464K [0x0000000080000000, 0x0000000100000000)
  region size 1024K, 23 young (23552K), 9 survivors (9216K)
 Metaspace       used 144120K, committed 145088K, reserved 1179648K
  class space    used 19761K, committed 20224K, reserved 1048576K
}
Event: 301.117 GC heap after
{Heap after GC invocations=65 (full 0):
 garbage-first heap   total 339968K, used 167792K [0x0000000080000000, 0x0000000100000000)
  region size 1024K, 10 young (10240K), 10 survivors (10240K)
 Metaspace       used 144120K, committed 145088K, reserved 1179648K
  class space    used 19761K, committed 20224K, reserved 1048576K
}
Event: 302.882 GC heap before
{Heap before GC invocations=66 (full 0):
 garbage-first heap   total 447488K, used 320368K [0x0000000080000000, 0x0000000100000000)
  region size 1024K, 107 young (109568K), 10 survivors (10240K)
 Metaspace       used 144602K, committed 145664K, reserved 1179648K
  class space    used 19812K, committed 20352K, reserved 1048576K
}
Event: 302.979 GC heap after
{Heap after GC invocations=67 (full 0):
 garbage-first heap   total 447488K, used 222168K [0x0000000080000000, 0x0000000100000000)
  region size 1024K, 14 young (14336K), 14 survivors (14336K)
 Metaspace       used 144602K, committed 145664K, reserved 1179648K
  class space    used 19812K, committed 20352K, reserved 1048576K
}
Event: 303.226 GC heap before
{Heap before GC invocations=67 (full 0):
 garbage-first heap   total 447488K, used 229336K [0x0000000080000000, 0x0000000100000000)
  region size 1024K, 21 young (21504K), 14 survivors (14336K)
 Metaspace       used 144622K, committed 145664K, reserved 1179648K
  class space    used 19816K, committed 20352K, reserved 1048576K
}
Event: 303.339 GC heap after
{Heap after GC invocations=68 (full 0):
 garbage-first heap   total 447488K, used 212013K [0x0000000080000000, 0x0000000100000000)
  region size 1024K, 3 young (3072K), 3 survivors (3072K)
 Metaspace       used 144622K, committed 145664K, reserved 1179648K
  class space    used 19816K, committed 20352K, reserved 1048576K
}
Event: 305.999 GC heap before
{Heap before GC invocations=68 (full 0):
 garbage-first heap   total 447488K, used 335917K [0x0000000080000000, 0x0000000100000000)
  region size 1024K, 121 young (123904K), 3 survivors (3072K)
 Metaspace       used 145070K, committed 146112K, reserved 1179648K
  class space    used 19847K, committed 20352K, reserved 1048576K
}

