# JRE version: OpenJDK Runtime Environment (17.0.11) (build 17.0.11+0--11852314)
# Java VM: OpenJDK 64-Bit Server VM (17.0.11+0--11852314, mixed mode, tiered, compressed oops, compressed class ptrs, g1 gc, windows-amd64)
GC Precious Log:
 CPUs: 8 total, 8 available
 Memory: 16270M
 Large Page Support: Disabled
 NUMA Support: Disabled
 Compressed Oops: Enabled (32-bit)
 Heap Region Size: 1M
 Heap Min Capacity: 8M
 Heap Initial Capacity: 256M
 Heap Max Capacity: 2G
 Pre-touch: Disabled
 Parallel Workers: 8
 Concurrent Workers: 2
 Concurrent Refinement Workers: 8
 Periodic GC: Disabled
Heap:
 garbage-first heap   total 449536K, used 357161K [0x0000000080000000, 0x0000000100000000)
  region size 1024K, 6 young (6144K), 6 survivors (6144K)
 Metaspace       used 202076K, committed 203328K, reserved 1245184K
  class space    used 26228K, committed 26816K, reserved 1048576K
GC Heap History (20 events):
Event: 1266.431 GC heap after
{Heap after GC invocations=69 (full 0):
 garbage-first heap   total 379904K, used 297983K [0x0000000080000000, 0x0000000100000000)
  region size 1024K, 1 young (1024K), 1 survivors (1024K)
 Metaspace       used 191925K, committed 193216K, reserved 1245184K
  class space    used 24701K, committed 25344K, reserved 1048576K
}
Event: 1266.970 GC heap before
{Heap before GC invocations=69 (full 0):
 garbage-first heap   total 379904K, used 331775K [0x0000000080000000, 0x0000000100000000)
  region size 1024K, 35 young (35840K), 1 survivors (1024K)
 Metaspace       used 192373K, committed 193600K, reserved 1245184K
  class space    used 24762K, committed 25344K, reserved 1048576K
}
Event: 1266.979 GC heap after
{Heap after GC invocations=70 (full 0):
 garbage-first heap   total 449536K, used 298102K [0x0000000080000000, 0x0000000100000000)
  region size 1024K, 2 young (2048K), 2 survivors (2048K)
 Metaspace       used 192373K, committed 193600K, reserved 1245184K
  class space    used 24762K, committed 25344K, reserved 1048576K
}
Event: 1270.137 GC heap before
{Heap before GC invocations=70 (full 0):
 garbage-first heap   total 449536K, used 387190K [0x0000000080000000, 0x0000000100000000)
  region size 1024K, 90 young (92160K), 2 survivors (2048K)
 Metaspace       used 193090K, committed 194368K, reserved 1245184K
  class space    used 24850K, committed 25472K, reserved 1048576K
}
Event: 1270.159 GC heap after
{Heap after GC invocations=71 (full 0):
 garbage-first heap   total 449536K, used 301836K [0x0000000080000000, 0x0000000100000000)
  region size 1024K, 5 young (5120K), 5 survivors (5120K)
 Metaspace       used 193090K, committed 194368K, reserved 1245184K
  class space    used 24850K, committed 25472K, reserved 1048576K
}
Event: 1272.216 GC heap before
{Heap before GC invocations=71 (full 0):
 garbage-first heap   total 449536K, used 388876K [0x0000000080000000, 0x0000000100000000)
  region size 1024K, 91 young (93184K), 5 survivors (5120K)
 Metaspace       used 193128K, committed 194368K, reserved 1245184K
  class space    used 24850K, committed 25472K, reserved 1048576K
}
Event: 1272.227 GC heap after
{Heap after GC invocations=72 (full 0):
 garbage-first heap   total 449536K, used 310645K [0x0000000080000000, 0x0000000100000000)
  region size 1024K, 12 young (12288K), 12 survivors (12288K)
 Metaspace       used 193128K, committed 194368K, reserved 1245184K
  class space    used 24850K, committed 25472K, reserved 1048576K
}
Event: 1272.764 GC heap before
{Heap before GC invocations=72 (full 0):
 garbage-first heap   total 449536K, used 386421K [0x0000000080000000, 0x0000000100000000)
  region size 1024K, 87 young (89088K), 12 survivors (12288K)
 Metaspace       used 193484K, committed 194624K, reserved 1245184K
  class space    used 24906K, committed 25472K, reserved 1048576K
}
Event: 1272.833 GC heap after
{Heap after GC invocations=73 (full 0):
 garbage-first heap   total 449536K, used 317645K [0x0000000080000000, 0x0000000100000000)
  region size 1024K, 8 young (8192K), 8 survivors (8192K)
 Metaspace       used 193484K, committed 194624K, reserved 1245184K
  class space    used 24906K, committed 25472K, reserved 1048576K
}
Event: 1273.026 GC heap before
{Heap before GC invocations=73 (full 0):
 garbage-first heap   total 449536K, used 386253K [0x0000000080000000, 0x0000000100000000)
  region size 1024K, 76 young (77824K), 8 survivors (8192K)
 Metaspace       used 193544K, committed 194752K, reserved 1245184K
  class space    used 24907K, committed 25536K, reserved 1048576K
}
Event: 1273.052 GC heap after
{Heap after GC invocations=74 (full 0):
 garbage-first heap   total 449536K, used 319009K [0x0000000080000000, 0x0000000100000000)
  region size 1024K, 2 young (2048K), 2 survivors (2048K)
 Metaspace       used 193544K, committed 194752K, reserved 1245184K
  class space    used 24907K, committed 25536K, reserved 1048576K
}
Event: 1275.382 GC heap before
{Heap before GC invocations=74 (full 0):
 garbage-first heap   total 449536K, used 391713K [0x0000000080000000, 0x0000000100000000)
  region size 1024K, 72 young (73728K), 2 survivors (2048K)
 Metaspace       used 194457K, committed 195712K, reserved 1245184K
  class space    used 25038K, committed 25664K, reserved 1048576K
}
Event: 1275.407 GC heap after
{Heap after GC invocations=75 (full 0):
 garbage-first heap   total 449536K, used 323838K [0x0000000080000000, 0x0000000100000000)
  region size 1024K, 7 young (7168K), 7 survivors (7168K)
 Metaspace       used 194457K, committed 195712K, reserved 1245184K
  class space    used 25038K, committed 25664K, reserved 1048576K
}
Event: 1276.536 GC heap before
{Heap before GC invocations=75 (full 0):
 garbage-first heap   total 449536K, used 388350K [0x0000000080000000, 0x0000000100000000)
  region size 1024K, 71 young (72704K), 7 survivors (7168K)
 Metaspace       used 197285K, committed 198464K, reserved 1245184K
  class space    used 25482K, committed 26048K, reserved 1048576K
}
Event: 1276.546 GC heap after
{Heap after GC invocations=76 (full 0):
 garbage-first heap   total 449536K, used 332544K [0x0000000080000000, 0x0000000100000000)
  region size 1024K, 9 young (9216K), 9 survivors (9216K)
 Metaspace       used 197285K, committed 198464K, reserved 1245184K
  class space    used 25482K, committed 26048K, reserved 1048576K
}
Event: 1277.088 GC heap before
{Heap before GC invocations=76 (full 0):
 garbage-first heap   total 449536K, used 387840K [0x0000000080000000, 0x0000000100000000)
  region size 1024K, 64 young (65536K), 9 survivors (9216K)
 Metaspace       used 199641K, committed 200896K, reserved 1245184K
  class space    used 25834K, committed 26432K, reserved 1048576K
}
Event: 1277.108 GC heap after
{Heap after GC invocations=77 (full 0):
 garbage-first heap   total 449536K, used 342321K [0x0000000080000000, 0x0000000100000000)
  region size 1024K, 8 young (8192K), 8 survivors (8192K)
 Metaspace       used 199641K, committed 200896K, reserved 1245184K
  class space    used 25834K, committed 26432K, reserved 1048576K
}
Event: 1277.610 GC heap before
{Heap before GC invocations=77 (full 0):
 garbage-first heap   total 449536K, used 386353K [0x0000000080000000, 0x0000000100000000)
  region size 1024K, 52 young (53248K), 8 survivors (8192K)
 Metaspace       used 201433K, committed 202688K, reserved 1245184K
  class space    used 26150K, committed 26752K, reserved 1048576K
}
Event: 1277.635 GC heap after
{Heap after GC invocations=78 (full 0):
 garbage-first heap   total 449536K, used 350401K [0x0000000080000000, 0x0000000100000000)
  region size 1024K, 7 young (7168K), 7 survivors (7168K)
 Metaspace       used 201433K, committed 202688K, reserved 1245184K
  class space    used 26150K, committed 26752K, reserved 1048576K
}
Event: 1277.768 GC heap before
{Heap before GC invocations=78 (full 0):
 garbage-first heap   total 449536K, used 387265K [0x0000000080000000, 0x0000000100000000)
  region size 1024K, 44 young (45056K), 7 survivors (7168K)
 Metaspace       used 202076K, committed 203328K, reserved 1245184K
  class space    used 26228K, committed 26816K, reserved 1048576K
}

